<?xml version="1.0" encoding="UTF-8"?>
<!-- Generated by org.testng.reporters.JUnitReportReporter -->
<testsuite skipped="0" hostname="DESKTOP-NFATJD6" name="testCases.LoginPageTest" tests="1" failures="0" timestamp="13 Feb 2021 20:29:26 GMT" time="12.345" errors="0">
  <testcase name="loginTest" time="12.345" classname="testCases.LoginPageTest"/>
</testsuite> <!-- testCases.LoginPageTest -->
